# A fatal error has been detected by the Java Runtime Environment:
#
#  EXCEPTION_STACK_OVERFLOW (0xc00000fd) at pc=0x000000006fe0ebb7, pid=4156, tid=1428
#
# JRE version: Java(TM) SE Runtime Environment (7.0_79-b15) (build 1.7.0_79-b15)
# Java VM: Java HotSpot(TM) 64-Bit Server VM (24.79-b02 mixed mode windows-amd64 compressed oops)
# Problematic frame:
# V  [jvm.dll+0x1cebb7]
#
# Failed to write core dump. Minidumps are not enabled by default on client versions of Windows
#
# If you would like to submit a bug report, please visit:
#   http://bugreport.java.com/bugreport/crash.jsp
#

---------------  T H R E A D  ---------------

Current thread (0x000000000c6c8000):  JavaThread "AWT-Windows" daemon [_thread_in_vm, id=1428, stack(0x000000000cef0000,0x000000000cff0000)]

siginfo: ExceptionCode=0xc00000fd, ExceptionInformation=0x0000000000000001 0x000000000cfeb1c0 

Registers:
RAX=0x000000000cfeb1c0, RBX=0x0000000000000005, RCX=0x0000000000004000, RDX=0x000000000cef9160
RSP=0x000000000cfef1c0, RBP=0x0000000000000000, RSI=0x000000000cfef1c0, RDI=0x0000000000000005
R8 =0x0000000000000009, R9 =0x000000000c6c8000, R10=0x000000000cfef400, R11=0x000000000cfef4e0
R12=0x000000000cfef4e0, R13=0x000000000cfef308, R14=0x000000000cfef410, R15=0x00000000026b0840
RIP=0x000000006fe0ebb7, EFLAGS=0x0000000000010206

Top of Stack: (sp=0x000000000cfef1c0)
0x000000000cfef1c0:   000000000c6843e0 0000000000000000
0x000000000cfef1d0:   0000000000000000 000000006fcdffe3
0x000000000cfef1e0:   0000000000000000 000000006fe0f6fa
0x000000000cfef1f0:   000000000cfef400 000000000c6843e0
0x000000000cfef200:   000000000c6c8000 000000000c6c8000
0x000000000cfef210:   0000000000000000 0000000000000000
0x000000000cfef220:   0000000000000000 000000006fce323d
0x000000000cfef230:   000000000c6c8000 0000000000000000
0x000000000cfef240:   0000000000000000 0000000000000000
0x000000000cfef250:   000000000c6843e0 0000000000000005
0x000000000cfef260:   000000000c6c8000 0000000000000000
0x000000000cfef270:   0000000000000000 0000000000000000
0x000000000cfef280:   0000000000000000 000000000243e4e0
0x000000000cfef290:   000000000c6c8000 000000000cfef410
0x000000000cfef2a0:   000000000243fe10 000000000cfef4e0
0x000000000cfef2b0:   0000000000000000 000000000243fe10 

Instructions: (pc=0x000000006fe0ebb7)
0x000000006fe0eb97:   48 89 6c 24 30 33 ed 66 90 e8 6b bb 07 00 ff c3
0x000000006fe0eba7:   48 63 c8 48 8b c6 48 0f af cf 48 ff c7 48 2b c1
0x000000006fe0ebb7:   89 28 48 63 c3 48 3b 05 75 db 52 00 7e db 48 8b
0x000000006fe0ebc7:   6c 24 30 48 8b 5c 24 38 48 8b 74 24 40 48 83 c4 


Register to memory mapping:

RAX=0x000000000cfeb1c0 is pointing into the stack for thread: 0x000000000c6c8000
RBX=0x0000000000000005 is an unknown value
RCX=0x0000000000004000 is an unknown value
RDX=0x000000000cef9160 is pointing into the stack for thread: 0x000000000c6c8000
RSP=0x000000000cfef1c0 is pointing into the stack for thread: 0x000000000c6c8000
RBP=0x0000000000000000 is an unknown value
RSI=0x000000000cfef1c0 is pointing into the stack for thread: 0x000000000c6c8000
RDI=0x0000000000000005 is an unknown value
R8 =0x0000000000000009 is an unknown value
R9 =0x000000000c6c8000 is a thread
R10=0x000000000cfef400 is pointing into the stack for thread: 0x000000000c6c8000
R11=0x000000000cfef4e0 is pointing into the stack for thread: 0x000000000c6c8000
R12=0x000000000cfef4e0 is pointing into the stack for thread: 0x000000000c6c8000
R13=0x000000000cfef308 is pointing into the stack for thread: 0x000000000c6c8000
R14=0x000000000cfef410 is pointing into the stack for thread: 0x000000000c6c8000
R15=0x00000000026b0840 is at code_begin+0 in an Interpreter codelet
method entry point (kind = zerolocals)  [0x00000000026b0840, 0x00000000026b0b40]  768 bytes


Stack: [0x000000000cef0000,0x000000000cff0000],  sp=0x000000000cfef1c0,  free space=1020k
Native frames: (J=compiled Java code, j=interpreted, Vv=VM code, C=native code)
V  [jvm.dll+0x1cebb7]

[error occurred during error reporting (printing native stack), id 0xc0000005]


